[INFO ] 2023-08-28 12:56:37.959 [main] RestAssuredAutomationFramework - Create User executed.
[INFO ] 2023-08-28 12:56:39.151 [main] RestAssuredAutomationFramework - Get User Data executed.
[INFO ] 2023-08-28 12:56:41.465 [main] RestAssuredAutomationFramework - Updagte User executed.
[INFO ] 2023-08-28 12:56:42.608 [main] RestAssuredAutomationFramework - Delete User executed.[INFO ] 2023-08-28 13:04:56.930 [main] RestAssuredAutomationFramework_test - Create User executed.
[INFO ] 2023-08-28 13:04:58.087 [main] RestAssuredAutomationFramework_test - Get User Data executed.
[INFO ] 2023-08-28 13:05:00.364 [main] RestAssuredAutomationFramework_test - Update User executed.
[INFO ] 2023-08-28 13:05:01.497 [main] RestAssuredAutomationFramework_test - Delete User executed.[INFO ] 2023-08-28 13:11:55.692 [main] RestAssuredAutomationFramework_test - Create User executed.
[INFO ] 2023-08-28 13:11:56.840 [main] RestAssuredAutomationFramework_test - Get User Data executed.
[INFO ] 2023-08-28 13:11:59.145 [main] RestAssuredAutomationFramework_test - Update User executed.
[INFO ] 2023-08-28 13:12:00.298 [main] RestAssuredAutomationFramework_test - Delete User executed.
[INFO ] 2023-08-28 15:36:23.481 [main] RestAssuredAutomationFramework_test - Create User executed.
[INFO ] 2023-08-28 15:36:24.613 [main] RestAssuredAutomationFramework_test - Get User Data executed.
[INFO ] 2023-08-28 15:36:26.928 [main] RestAssuredAutomationFramework_test - Update User executed.
[INFO ] 2023-08-28 15:36:28.079 [main] RestAssuredAutomationFramework_test - Delete User executed.
[INFO ] 2023-08-29 17:19:59.126 [main] RestAssuredAutomationFramework_test - Create User executed.
[INFO ] 2023-08-29 17:20:00.379 [main] RestAssuredAutomationFramework_test - Get User Data executed.
[INFO ] 2023-08-29 17:20:02.779 [main] RestAssuredAutomationFramework_test - Update User executed.
[INFO ] 2023-08-29 17:20:03.935 [main] RestAssuredAutomationFramework_test - Delete User executed.
[INFO ] 2023-08-29 17:21:00.412 [main] RestAssuredAutomationFramework_test - Create User executed.
[INFO ] 2023-08-29 17:21:01.582 [main] RestAssuredAutomationFramework_test - Get User Data executed.
[INFO ] 2023-08-29 17:21:03.912 [main] RestAssuredAutomationFramework_test - Update User executed.
[INFO ] 2023-08-29 17:21:05.103 [main] RestAssuredAutomationFramework_test - Delete User executed.
[INFO ] 2023-08-29 17:54:55.328 [main] RestAssuredAutomationFramework_test - Create User executed.
[INFO ] 2023-08-29 17:54:56.536 [main] RestAssuredAutomationFramework_test - Get User Data executed.
[INFO ] 2023-08-29 17:54:58.840 [main] RestAssuredAutomationFramework_test - Update User executed.
[INFO ] 2023-08-29 17:54:59.967 [main] RestAssuredAutomationFramework_test - Delete User executed.
[INFO ] 2023-08-29 18:02:36.009 [main] RestAssuredAutomationFramework_test - Create User executed.
[INFO ] 2023-08-29 18:02:37.242 [main] RestAssuredAutomationFramework_test - Get User Data executed.
[INFO ] 2023-08-29 18:02:39.516 [main] RestAssuredAutomationFramework_test - Update User executed.
[INFO ] 2023-08-29 18:02:40.672 [main] RestAssuredAutomationFramework_test - Delete User executed.
[INFO ] 2023-09-10 19:15:46.870 [main] RestAssuredAutomationFramework_test - Create User executed.
[INFO ] 2023-09-10 19:15:48.033 [main] RestAssuredAutomationFramework_test - Get User Data executed.
[INFO ] 2023-09-10 19:15:50.267 [main] RestAssuredAutomationFramework_test - Update User executed.
[INFO ] 2023-09-10 19:15:51.391 [main] RestAssuredAutomationFramework_test - Delete User executed.
[INFO ] 2023-09-10 19:18:02.059 [main] RestAssuredAutomationFramework_test - Create User executed.
[INFO ] 2023-09-10 19:18:03.223 [main] RestAssuredAutomationFramework_test - Get User Data executed.
[INFO ] 2023-09-10 19:18:05.392 [main] RestAssuredAutomationFramework_test - Update User executed.
[INFO ] 2023-09-10 19:18:06.499 [main] RestAssuredAutomationFramework_test - Delete User executed.
[INFO ] 2023-09-11 12:35:56.912 [main] RestAssuredAutomationFramework_test - Create User executed.
[INFO ] 2023-09-11 12:35:59.370 [main] RestAssuredAutomationFramework_test - Get User Data executed.
[INFO ] 2023-09-11 12:36:03.254 [main] RestAssuredAutomationFramework_test - Update User executed.
[INFO ] 2023-09-11 12:36:04.623 [main] RestAssuredAutomationFramework_test - Delete User executed.
[INFO ] 2023-09-11 16:21:17.648 [main] RestAssuredAutomationFramework_test - Create User executed.
[INFO ] 2023-09-11 16:21:19.205 [main] RestAssuredAutomationFramework_test - Get User Data executed.
[INFO ] 2023-09-11 16:21:21.999 [main] RestAssuredAutomationFramework_test - Update User executed.
[INFO ] 2023-09-11 16:21:23.421 [main] RestAssuredAutomationFramework_test - Delete User executed.
[INFO ] 2023-09-11 16:21:24.911 [main] RestAssuredAutomationFramework_test - Create User executed.
[INFO ] 2023-09-11 16:21:26.318 [main] RestAssuredAutomationFramework_test - Get User Data executed.
[INFO ] 2023-09-11 16:21:29.035 [main] RestAssuredAutomationFramework_test - Update User executed.
[INFO ] 2023-09-11 16:21:30.395 [main] RestAssuredAutomationFramework_test - Delete User executed.
[INFO ] 2023-09-11 17:44:59.858 [main] RestAssuredAutomationFramework_test - Create User executed.
[INFO ] 2023-09-11 17:45:01.324 [main] RestAssuredAutomationFramework_test - Get User Data executed.
[INFO ] 2023-09-11 17:45:04.079 [main] RestAssuredAutomationFramework_test - Update User executed.
[INFO ] 2023-09-11 17:45:05.477 [main] RestAssuredAutomationFramework_test - Delete User executed.
[INFO ] 2023-09-11 17:45:06.916 [main] RestAssuredAutomationFramework_test - Create User executed.
[INFO ] 2023-09-11 17:45:08.304 [main] RestAssuredAutomationFramework_test - Get User Data executed.
[INFO ] 2023-09-11 17:45:11.111 [main] RestAssuredAutomationFramework_test - Update User executed.
[INFO ] 2023-09-11 17:45:12.468 [main] RestAssuredAutomationFramework_test - Delete User executed.
[INFO ] 2023-09-11 18:07:14.914 [main] RestAssuredAutomationFramework_test - Create User executed.
[INFO ] 2023-09-11 18:07:16.420 [main] RestAssuredAutomationFramework_test - Get User Data executed.
[INFO ] 2023-09-11 18:07:19.167 [main] RestAssuredAutomationFramework_test - Update User executed.
[INFO ] 2023-09-11 18:07:20.468 [main] RestAssuredAutomationFramework_test - Delete User executed.
[INFO ] 2023-09-11 18:07:22.084 [main] RestAssuredAutomationFramework_test - Create User executed.
[INFO ] 2023-09-11 18:07:23.447 [main] RestAssuredAutomationFramework_test - Get User Data executed.
[INFO ] 2023-09-11 18:07:26.237 [main] RestAssuredAutomationFramework_test - Update User executed.
[INFO ] 2023-09-11 18:07:27.654 [main] RestAssuredAutomationFramework_test - Delete User executed.
[INFO ] 2023-09-11 18:30:25.394 [main] RestAssuredAutomationFramework_test - Create User executed.
[INFO ] 2023-09-11 18:30:26.925 [main] RestAssuredAutomationFramework_test - Get User Data executed.
[INFO ] 2023-09-11 18:30:29.745 [main] RestAssuredAutomationFramework_test - Update User executed.
[INFO ] 2023-09-11 18:30:31.223 [main] RestAssuredAutomationFramework_test - Delete User executed.
[INFO ] 2023-09-11 18:30:32.773 [main] RestAssuredAutomationFramework_test - Create User executed.
[INFO ] 2023-09-11 18:30:34.175 [main] RestAssuredAutomationFramework_test - Get User Data executed.
[INFO ] 2023-09-11 18:30:36.956 [main] RestAssuredAutomationFramework_test - Update User executed.
[INFO ] 2023-09-11 18:30:38.304 [main] RestAssuredAutomationFramework_test - Delete User executed.
[INFO ] 2023-09-11 18:36:59.434 [main] RestAssuredAutomationFramework_test - Create User executed.
[INFO ] 2023-09-11 18:37:00.887 [main] RestAssuredAutomationFramework_test - Get User Data executed.
[INFO ] 2023-09-11 18:37:03.743 [main] RestAssuredAutomationFramework_test - Update User executed.
[INFO ] 2023-09-11 18:37:05.200 [main] RestAssuredAutomationFramework_test - Delete User executed.
[INFO ] 2023-09-11 18:37:06.739 [main] RestAssuredAutomationFramework_test - Create User executed.
[INFO ] 2023-09-11 18:37:08.105 [main] RestAssuredAutomationFramework_test - Get User Data executed.
[INFO ] 2023-09-11 18:37:10.885 [main] RestAssuredAutomationFramework_test - Update User executed.
[INFO ] 2023-09-11 18:37:12.291 [main] RestAssuredAutomationFramework_test - Delete User executed.
